c:\users\tess\documents\visual studio 2019\projects\grannyimport\x64\release\vc142.pdb
c:\users\tess\documents\visual studio 2019\projects\grannyimport\x64\release\moc_importer.obj
c:\users\tess\documents\visual studio 2019\projects\grannyimport\x64\release\moc_exporter.obj
c:\users\tess\documents\visual studio 2019\projects\grannyimport\x64\release\importer.obj
c:\users\tess\documents\visual studio 2019\projects\grannyimport\x64\release\grannymod.obj
c:\users\tess\documents\visual studio 2019\projects\grannyimport\x64\release\grannyimport.obj
c:\users\tess\documents\visual studio 2019\projects\grannyimport\x64\release\grannyexport.obj
c:\users\tess\documents\visual studio 2019\projects\grannyimport\x64\release\exporter.obj
c:\users\tess\documents\visual studio 2019\projects\grannyimport\x64\release\dll.obj
c:\users\tess\documents\visual studio 2019\projects\grannyimport\moc_exporter.cpp
c:\users\tess\documents\visual studio 2019\projects\grannyimport\moc_importer.cpp
c:\users\tess\documents\visual studio 2019\projects\grannyimport\ui_exporter.h
c:\users\tess\documents\visual studio 2019\projects\grannyimport\ui_importer.h
c:\users\tess\documents\visual studio 2019\projects\grannyimport\x64\release\grannyimport.lib
c:\users\tess\documents\visual studio 2019\projects\grannyimport\x64\release\grannyimport.exp
c:\users\tess\documents\visual studio 2019\projects\grannyimport\x64\release\grannyimport.ipdb
c:\users\tess\documents\visual studio 2019\projects\grannyimport\x64\release\grannyimport.iobj
c:\users\tess\documents\visual studio 2019\projects\grannyimport\x64\release\grannyimport.dli
c:\users\tess\documents\visual studio 2019\projects\grannyimport\x64\release\grannyimport.pdb
c:\users\tess\documents\visual studio 2019\projects\grannyimport\x64\release\grannyimport.tlog\cl.command.1.tlog
c:\users\tess\documents\visual studio 2019\projects\grannyimport\x64\release\grannyimport.tlog\cl.read.1.tlog
c:\users\tess\documents\visual studio 2019\projects\grannyimport\x64\release\grannyimport.tlog\cl.write.1.tlog
c:\users\tess\documents\visual studio 2019\projects\grannyimport\x64\release\grannyimport.tlog\custombuild.command.1.tlog
c:\users\tess\documents\visual studio 2019\projects\grannyimport\x64\release\grannyimport.tlog\custombuild.read.1.tlog
c:\users\tess\documents\visual studio 2019\projects\grannyimport\x64\release\grannyimport.tlog\custombuild.write.1.tlog
c:\users\tess\documents\visual studio 2019\projects\grannyimport\x64\release\grannyimport.tlog\grannyimport.write.1u.tlog
c:\users\tess\documents\visual studio 2019\projects\grannyimport\x64\release\grannyimport.tlog\link.command.1.tlog
c:\users\tess\documents\visual studio 2019\projects\grannyimport\x64\release\grannyimport.tlog\link.read.1.tlog
c:\users\tess\documents\visual studio 2019\projects\grannyimport\x64\release\grannyimport.tlog\link.write.1.tlog
